<?xml version="1.0" encoding="UTF-8"?>
<testng-results skipped="0" failed="0" ignored="0" total="2" passed="2">
  <reporter-output>
    <line>
      <![CDATA[[INFO ] [2021-10-22 20:38:59,466] Pre-condition - Step 01: Open browser and navigate to https://openweathermap.org/
]]>
    </line>
    <line>
      <![CDATA[[INFO ] [2021-10-22 20:39:10,108] Search - Step 01: Verify search box is displayed
]]>
    </line>
    <line>
      <![CDATA[[INFO ] [2021-10-22 20:39:10,290] Search - Step 02: Input to the search box with 'Ho Chi Minh city' keyword
]]>
    </line>
    <line>
      <![CDATA[[INFO ] [2021-10-22 20:39:10,540] Search - Step 03: Verify 'Thanh pho Ho Chi Minh, VN' is displayed
]]>
    </line>
    <line>
      <![CDATA[[INFO ] [2021-10-22 20:39:11,858] Post-condition - Close browser
]]>
    </line>
    <line>
      <![CDATA[[INFO ] [2021-10-22 20:39:13,112] Pre-condition - Step 01: Open browser and navigate to https://openweathermap.org/
]]>
    </line>
    <line>
      <![CDATA[[INFO ] [2021-10-22 20:39:21,248] Search - Step 01: Verify search box is displayed
]]>
    </line>
    <line>
      <![CDATA[[INFO ] [2021-10-22 20:39:21,379] Search - Step 02: Input to the search box with 'Ho Chi Minh city' keyword
]]>
    </line>
    <line>
      <![CDATA[[INFO ] [2021-10-22 20:39:23,513] Search - Step 03: Verify 'Thanh pho Ho Chi Minh, VN' is displayed
]]>
    </line>
    <line>
      <![CDATA[[INFO ] [2021-10-22 20:39:23,586] Post-condition - Close browser
]]>
    </line>
  </reporter-output>
  <suite name="Open Weather" duration-ms="25125" started-at="2021-10-22T13:38:59Z" finished-at="2021-10-22T13:39:24Z">
    <groups>
    </groups>
    <test name="Run on Firefox" duration-ms="13641" started-at="2021-10-22T13:38:59Z" finished-at="2021-10-22T13:39:13Z">
      <class name="openweather.user.User_Search">
        <test-method status="PASS" signature="beforeClass(java.lang.String, java.lang.String)[pri:0, instance:openweather.user.User_Search@394e1a0f]" name="beforeClass" is-config="true" duration-ms="10642" started-at="2021-10-22T13:38:59Z" finished-at="2021-10-22T13:39:10Z">
          <params>
            <param index="0">
              <value>
                <![CDATA[firefox]]>
              </value>
            </param>
            <param index="1">
              <value>
                <![CDATA[https://openweathermap.org/]]>
              </value>
            </param>
          </params>
          <reporter-output>
            <line>
              <![CDATA[[INFO ] [2021-10-22 20:38:59,466] Pre-condition - Step 01: Open browser and navigate to https://openweathermap.org/
]]>
            </line>
          </reporter-output>
        </test-method> <!-- beforeClass -->
        <test-method status="PASS" signature="Search()[pri:0, instance:openweather.user.User_Search@394e1a0f]" name="Search" duration-ms="1750" started-at="2021-10-22T13:39:10Z" finished-at="2021-10-22T13:39:11Z">
          <reporter-output>
            <line>
              <![CDATA[[INFO ] [2021-10-22 20:39:10,108] Search - Step 01: Verify search box is displayed
]]>
            </line>
            <line>
              <![CDATA[[INFO ] [2021-10-22 20:39:10,290] Search - Step 02: Input to the search box with 'Ho Chi Minh city' keyword
]]>
            </line>
            <line>
              <![CDATA[[INFO ] [2021-10-22 20:39:10,540] Search - Step 03: Verify 'Thanh pho Ho Chi Minh, VN' is displayed
]]>
            </line>
          </reporter-output>
        </test-method> <!-- Search -->
        <test-method status="PASS" signature="cleanBrowser()[pri:0, instance:openweather.user.User_Search@394e1a0f]" name="cleanBrowser" is-config="true" duration-ms="1240" started-at="2021-10-22T13:39:11Z" finished-at="2021-10-22T13:39:13Z">
          <reporter-output>
            <line>
              <![CDATA[[INFO ] [2021-10-22 20:39:11,858] Post-condition - Close browser
]]>
            </line>
          </reporter-output>
        </test-method> <!-- cleanBrowser -->
      </class> <!-- openweather.user.User_Search -->
    </test> <!-- Run on Firefox -->
    <test name="Run on Chrome" duration-ms="11470" started-at="2021-10-22T13:39:13Z" finished-at="2021-10-22T13:39:24Z">
      <class name="openweather.user.User_Search">
        <test-method status="PASS" signature="cleanDriverInstance()[pri:0, instance:openweather.user.User_Search@11438d26]" name="cleanDriverInstance" is-config="true" duration-ms="8" started-at="2021-10-22T13:38:59Z" finished-at="2021-10-22T13:38:59Z">
          <reporter-output>
          </reporter-output>
        </test-method> <!-- cleanDriverInstance -->
        <test-method status="PASS" signature="beforeClass(java.lang.String, java.lang.String)[pri:0, instance:openweather.user.User_Search@11438d26]" name="beforeClass" is-config="true" duration-ms="8136" started-at="2021-10-22T13:39:13Z" finished-at="2021-10-22T13:39:21Z">
          <params>
            <param index="0">
              <value>
                <![CDATA[chrome]]>
              </value>
            </param>
            <param index="1">
              <value>
                <![CDATA[https://openweathermap.org/]]>
              </value>
            </param>
          </params>
          <reporter-output>
            <line>
              <![CDATA[[INFO ] [2021-10-22 20:39:13,112] Pre-condition - Step 01: Open browser and navigate to https://openweathermap.org/
]]>
            </line>
          </reporter-output>
        </test-method> <!-- beforeClass -->
        <test-method status="PASS" signature="Search()[pri:0, instance:openweather.user.User_Search@11438d26]" name="Search" duration-ms="2337" started-at="2021-10-22T13:39:21Z" finished-at="2021-10-22T13:39:23Z">
          <reporter-output>
            <line>
              <![CDATA[[INFO ] [2021-10-22 20:39:21,248] Search - Step 01: Verify search box is displayed
]]>
            </line>
            <line>
              <![CDATA[[INFO ] [2021-10-22 20:39:21,379] Search - Step 02: Input to the search box with 'Ho Chi Minh city' keyword
]]>
            </line>
            <line>
              <![CDATA[[INFO ] [2021-10-22 20:39:23,513] Search - Step 03: Verify 'Thanh pho Ho Chi Minh, VN' is displayed
]]>
            </line>
          </reporter-output>
        </test-method> <!-- Search -->
        <test-method status="PASS" signature="cleanBrowser()[pri:0, instance:openweather.user.User_Search@11438d26]" name="cleanBrowser" is-config="true" duration-ms="996" started-at="2021-10-22T13:39:23Z" finished-at="2021-10-22T13:39:24Z">
          <reporter-output>
            <line>
              <![CDATA[[INFO ] [2021-10-22 20:39:23,586] Post-condition - Close browser
]]>
            </line>
          </reporter-output>
        </test-method> <!-- cleanBrowser -->
      </class> <!-- openweather.user.User_Search -->
    </test> <!-- Run on Chrome -->
  </suite> <!-- Open Weather -->
</testng-results>
