<?xml version="1.0" encoding="UTF-8"?>
<testng-results skipped="0" failed="0" ignored="0" total="2" passed="2">
  <reporter-output>
    <line>
      <![CDATA[[INFO ] [2021-10-24 11:40:45,128] Pre-condition - Step 01: Open browser and navigate to https://openweathermap.org/
]]>
    </line>
    <line>
      <![CDATA[[INFO ] [2021-10-24 11:40:56,875] Search - Step 01: Verify search box is displayed
]]>
    </line>
    <line>
      <![CDATA[[INFO ] [2021-10-24 11:40:57,094] Search - Step 02: Input to the search box with 'Ho Chi Minh city' keyword
]]>
    </line>
    <line>
      <![CDATA[[INFO ] [2021-10-24 11:40:57,373] Search - Step 03: Verify 'Thanh pho Ho Chi Minh, VN' is displayed
]]>
    </line>
    <line>
      <![CDATA[[INFO ] [2021-10-24 11:40:58,769] Post-condition - Close browser
]]>
    </line>
    <line>
      <![CDATA[[INFO ] [2021-10-24 11:40:59,930] Pre-condition - Step 01: Open browser and navigate to https://openweathermap.org/
]]>
    </line>
    <line>
      <![CDATA[[INFO ] [2021-10-24 11:41:07,701] Search - Step 01: Verify search box is displayed
]]>
    </line>
    <line>
      <![CDATA[[INFO ] [2021-10-24 11:41:07,808] Search - Step 02: Input to the search box with 'Ho Chi Minh city' keyword
]]>
    </line>
    <line>
      <![CDATA[[INFO ] [2021-10-24 11:41:10,218] Search - Step 03: Verify 'Thanh pho Ho Chi Minh, VN' is displayed
]]>
    </line>
    <line>
      <![CDATA[[INFO ] [2021-10-24 11:41:10,290] Post-condition - Close browser
]]>
    </line>
  </reporter-output>
  <suite name="Open Weather" duration-ms="26093" started-at="2021-10-24T04:40:45Z" finished-at="2021-10-24T04:41:11Z">
    <groups>
    </groups>
    <test name="Run on Firefox" duration-ms="14783" started-at="2021-10-24T04:40:45Z" finished-at="2021-10-24T04:40:59Z">
      <class name="openweather.user.User_Search">
        <test-method status="PASS" signature="beforeClass(java.lang.String, java.lang.String)[pri:0, instance:openweather.user.User_Search@394e1a0f]" name="beforeClass" is-config="true" duration-ms="11739" started-at="2021-10-24T04:40:45Z" finished-at="2021-10-24T04:40:56Z">
          <params>
            <param index="0">
              <value>
                <![CDATA[firefox]]>
              </value>
            </param>
            <param index="1">
              <value>
                <![CDATA[https://openweathermap.org/]]>
              </value>
            </param>
          </params>
          <reporter-output>
            <line>
              <![CDATA[[INFO ] [2021-10-24 11:40:45,128] Pre-condition - Step 01: Open browser and navigate to https://openweathermap.org/
]]>
            </line>
          </reporter-output>
        </test-method> <!-- beforeClass -->
        <test-method status="PASS" signature="search()[pri:0, instance:openweather.user.User_Search@394e1a0f]" name="search" duration-ms="1894" started-at="2021-10-24T04:40:56Z" finished-at="2021-10-24T04:40:58Z">
          <reporter-output>
            <line>
              <![CDATA[[INFO ] [2021-10-24 11:40:56,875] Search - Step 01: Verify search box is displayed
]]>
            </line>
            <line>
              <![CDATA[[INFO ] [2021-10-24 11:40:57,094] Search - Step 02: Input to the search box with 'Ho Chi Minh city' keyword
]]>
            </line>
            <line>
              <![CDATA[[INFO ] [2021-10-24 11:40:57,373] Search - Step 03: Verify 'Thanh pho Ho Chi Minh, VN' is displayed
]]>
            </line>
          </reporter-output>
        </test-method> <!-- search -->
        <test-method status="PASS" signature="cleanBrowser()[pri:0, instance:openweather.user.User_Search@394e1a0f]" name="cleanBrowser" is-config="true" duration-ms="1133" started-at="2021-10-24T04:40:58Z" finished-at="2021-10-24T04:40:59Z">
          <reporter-output>
            <line>
              <![CDATA[[INFO ] [2021-10-24 11:40:58,769] Post-condition - Close browser
]]>
            </line>
          </reporter-output>
        </test-method> <!-- cleanBrowser -->
      </class> <!-- openweather.user.User_Search -->
    </test> <!-- Run on Firefox -->
    <test name="Run on Chrome" duration-ms="11283" started-at="2021-10-24T04:40:59Z" finished-at="2021-10-24T04:41:11Z">
      <class name="openweather.user.User_Search">
        <test-method status="PASS" signature="cleanDriverInstance()[pri:0, instance:openweather.user.User_Search@11438d26]" name="cleanDriverInstance" is-config="true" duration-ms="9" started-at="2021-10-24T04:40:45Z" finished-at="2021-10-24T04:40:45Z">
          <reporter-output>
          </reporter-output>
        </test-method> <!-- cleanDriverInstance -->
        <test-method status="PASS" signature="beforeClass(java.lang.String, java.lang.String)[pri:0, instance:openweather.user.User_Search@11438d26]" name="beforeClass" is-config="true" duration-ms="7771" started-at="2021-10-24T04:40:59Z" finished-at="2021-10-24T04:41:07Z">
          <params>
            <param index="0">
              <value>
                <![CDATA[chrome]]>
              </value>
            </param>
            <param index="1">
              <value>
                <![CDATA[https://openweathermap.org/]]>
              </value>
            </param>
          </params>
          <reporter-output>
            <line>
              <![CDATA[[INFO ] [2021-10-24 11:40:59,930] Pre-condition - Step 01: Open browser and navigate to https://openweathermap.org/
]]>
            </line>
          </reporter-output>
        </test-method> <!-- beforeClass -->
        <test-method status="PASS" signature="search()[pri:0, instance:openweather.user.User_Search@11438d26]" name="search" duration-ms="2588" started-at="2021-10-24T04:41:07Z" finished-at="2021-10-24T04:41:10Z">
          <reporter-output>
            <line>
              <![CDATA[[INFO ] [2021-10-24 11:41:07,701] Search - Step 01: Verify search box is displayed
]]>
            </line>
            <line>
              <![CDATA[[INFO ] [2021-10-24 11:41:07,808] Search - Step 02: Input to the search box with 'Ho Chi Minh city' keyword
]]>
            </line>
            <line>
              <![CDATA[[INFO ] [2021-10-24 11:41:10,218] Search - Step 03: Verify 'Thanh pho Ho Chi Minh, VN' is displayed
]]>
            </line>
          </reporter-output>
        </test-method> <!-- search -->
        <test-method status="PASS" signature="cleanBrowser()[pri:0, instance:openweather.user.User_Search@11438d26]" name="cleanBrowser" is-config="true" duration-ms="923" started-at="2021-10-24T04:41:10Z" finished-at="2021-10-24T04:41:11Z">
          <reporter-output>
            <line>
              <![CDATA[[INFO ] [2021-10-24 11:41:10,290] Post-condition - Close browser
]]>
            </line>
          </reporter-output>
        </test-method> <!-- cleanBrowser -->
      </class> <!-- openweather.user.User_Search -->
    </test> <!-- Run on Chrome -->
  </suite> <!-- Open Weather -->
</testng-results>
